06/11 [14:02:20] [34mINFO    [39m | >> [1m[[22m*[1m][22m      ]8;id=363168;file:///data2/xxw_data/projects/LLM/Diffusive-Latent-CoT/training/strategies/train_coconut_with_preprocessed_embeddings.py\train_coconut_with_preprocessed_embeddings.py]8;;\:]8;id=669524;file:///data2/xxw_data/projects/LLM/Diffusive-Latent-CoT/training/strategies/train_coconut_with_preprocessed_embeddings.py#236\236]8;;\
                          Starting
                          Epoch [1m1[22m/[1m30
train_idx is: 0
Step 1/240, Epoch 1/30 (LogEpoch: 0), Loss: 476.9465, LR: 0.000100
global_step is: 1; target_steps is: 240
train_idx is: 1
Step 2/240, Epoch 1/30 (LogEpoch: 0), Loss: 656.2593, LR: 0.000100
global_step is: 2; target_steps is: 240
train_idx is: 2
Step 3/240, Epoch 1/30 (LogEpoch: 0), Loss: 429.1645, LR: 0.000100
global_step is: 3; target_steps is: 240
train_idx is: 3
Step 4/240, Epoch 1/30 (LogEpoch: 0), Loss: 489.1005, LR: 0.000100
global_step is: 4; target_steps is: 240
train_idx is: 4
Step 5/240, Epoch 1/30 (LogEpoch: 0), Loss: 448.7191, LR: 0.000100
global_step is: 5; target_steps is: 240
train_idx is: 5
Step 6/240, Epoch 1/30 (LogEpoch: 0), Loss: 452.3933, LR: 0.000100
global_step is: 6; target_steps is: 240
train_idx is: 6
Step 7/240, Epoch 1/30 (LogEpoch: 0), Loss: 398.5408, LR: 0.000100
global_step is: 7; target_steps is: 240
train_idx is: 7
Step 8/240, Epoch 1/30 (LogEpoch: 1), Loss: 390.1039, LR: 0.000100
global_step is: 8; target_steps is: 240
06/11 [14:06:59] [34mINFO    [39m | >> [1m[[22m*[1m][22m DEBUG: End of epoch_idx ]8;id=495241;file:///data2/xxw_data/projects/LLM/Diffusive-Latent-CoT/training/strategies/train_coconut_with_preprocessed_embeddings.py\train_coconut_with_preprocessed_embeddings.py]8;;\:]8;id=684847;file:///data2/xxw_data/projects/LLM/Diffusive-Latent-CoT/training/strategies/train_coconut_with_preprocessed_embeddings.py#344\344]8;;\
                          [1m0[22m. Current global_step = [1m8[22m,
                          target_steps = [1m240
                 [34mINFO    [39m | >> [1m[[22m*[1m][22m Starting Epoch [1m2[22m/[1m30[22m     ]8;id=316638;file:///data2/xxw_data/projects/LLM/Diffusive-Latent-CoT/training/strategies/train_coconut_with_preprocessed_embeddings.py\train_coconut_with_preprocessed_embeddings.py]8;;\:]8;id=96383;file:///data2/xxw_data/projects/LLM/Diffusive-Latent-CoT/training/strategies/train_coconut_with_preprocessed_embeddings.py#236\236]8;;\
train_idx is: 0
Step 9/240, Epoch 2/30 (LogEpoch: 1), Loss: 391.2705, LR: 0.000100
global_step is: 9; target_steps is: 240
train_idx is: 1
Step 10/240, Epoch 2/30 (LogEpoch: 1), Loss: 428.5794, LR: 0.000100
global_step is: 10; target_steps is: 240
train_idx is: 2
Step 11/240, Epoch 2/30 (LogEpoch: 1), Loss: 354.9720, LR: 0.000100
global_step is: 11; target_steps is: 240
train_idx is: 3
Step 12/240, Epoch 2/30 (LogEpoch: 1), Loss: 418.5004, LR: 0.000100
global_step is: 12; target_steps is: 240
train_idx is: 4
Step 13/240, Epoch 2/30 (LogEpoch: 1), Loss: 445.1881, LR: 0.000100
global_step is: 13; target_steps is: 240
train_idx is: 5
Step 14/240, Epoch 2/30 (LogEpoch: 1), Loss: 292.6414, LR: 0.000100
global_step is: 14; target_steps is: 240
train_idx is: 6
Step 15/240, Epoch 2/30 (LogEpoch: 1), Loss: 341.1469, LR: 0.000100
global_step is: 15; target_steps is: 240
train_idx is: 7
Step 16/240, Epoch 2/30 (LogEpoch: 2), Loss: 407.0488, LR: 0.000100
global_step is: 16; target_steps is: 240
06/11 [14:11:37] [34mINFO    [39m | ]8;id=41165;file:///data2/xxw_data/projects/LLM/Diffusive-Latent-CoT/training/strategies/train_coconut_with_preprocessed_embeddings.py\train_coconut_wâ€¦]8;;\
                          >
                          >
                          [1m[
                          *
                          [1m]
                          D
                          E
                          B
                          U
                          G
                          :
                          E
                          n
                          d
                          o
                          f
                          e
                          p
                          o
                          c
                          h
                          _
                          i
                          d
                          x
                          [1m1
                          .
                          C
                          u
                          r
                          r
                          e
                          n
                          t
                          g
                          l
                          o
                          b
                          a
                          l
                          _
                          s
                          t
                          e
                          p
                          =
                          [1m1
                          [1m6
                          ,
                          t
                          a
                          r
                          g
                          e
                          t
                          _
                          s
                          t
                          e
                          p
                          s
                          =
                          [1m2
                          [1m4
                          [1m0
                 [34mINFO    [39m | ]8;id=473076;file:///data2/xxw_data/projects/LLM/Diffusive-Latent-CoT/training/strategies/train_coconut_with_preprocessed_embeddings.py\train_coconut_wâ€¦]8;;\
                          >
                          >
                          [1m[
                          *
                          [1m]
                          S
                          t
                          a
                          r
                          t
                          i
                          n
                          g
                          E
                          p
                          o
                          c
                          h
                          [1m3
                          /
                          [1m3
                          [1m0
train_idx is: 0
Training DiffusiveCoT with Preprocessed Embeddings:   0%|        | 0/240 [00:00<?, ?it/s]2025-06-11 14:02:25.833534: E external/local_xla/xla/stream_executor/cuda/cuda_dnn.cc:9261] Unable to register cuDNN factory: Attempting to register factory for plugin cuDNN when one has already been registered
2025-06-11 14:02:25.833596: E external/local_xla/xla/stream_executor/cuda/cuda_fft.cc:607] Unable to register cuFFT factory: Attempting to register factory for plugin cuFFT when one has already been registered
2025-06-11 14:02:25.834668: E external/local_xla/xla/stream_executor/cuda/cuda_blas.cc:1515] Unable to register cuBLAS factory: Attempting to register factory for plugin cuBLAS when one has already been registered
2025-06-11 14:02:25.841073: I tensorflow/core/platform/cpu_feature_guard.cc:182] This TensorFlow binary is optimized to use available CPU instructions in performance-critical operations.
To enable the following instructions: AVX2 FMA, in other operations, rebuild TensorFlow with the appropriate compiler flags.
2025-06-11 14:02:26.622591: W tensorflow/compiler/tf2tensorrt/utils/py_utils.cc:38] TF-TRT Warning: Could not find TensorRT
2025-06-11 14:02:27.688134: W tensorflow/core/common_runtime/gpu/gpu_device.cc:2256] Cannot dlopen some GPU libraries. Please make sure the missing libraries mentioned above are installed properly if you would like to use GPU. Follow the guide at https://www.tensorflow.org/install/gpu for how to download and setup the required libraries for your platform.
Skipping registering GPU devices...
2025-06-11 14:02:38.480131: E external/local_xla/xla/stream_executor/cuda/cuda_dnn.cc:9261] Unable to register cuDNN factory: Attempting to register factory for plugin cuDNN when one has already been registered
2025-06-11 14:02:38.480196: E external/local_xla/xla/stream_executor/cuda/cuda_fft.cc:607] Unable to register cuFFT factory: Attempting to register factory for plugin cuFFT when one has already been registered
2025-06-11 14:02:38.481317: E external/local_xla/xla/stream_executor/cuda/cuda_blas.cc:1515] Unable to register cuBLAS factory: Attempting to register factory for plugin cuBLAS when one has already been registered
2025-06-11 14:02:38.487872: I tensorflow/core/platform/cpu_feature_guard.cc:182] This TensorFlow binary is optimized to use available CPU instructions in performance-critical operations.
To enable the following instructions: AVX2 FMA, in other operations, rebuild TensorFlow with the appropriate compiler flags.
2025-06-11 14:02:39.375993: W tensorflow/compiler/tf2tensorrt/utils/py_utils.cc:38] TF-TRT Warning: Could not find TensorRT
2025-06-11 14:02:40.615636: W tensorflow/core/common_runtime/gpu/gpu_device.cc:2256] Cannot dlopen some GPU libraries. Please make sure the missing libraries mentioned above are installed properly if you would like to use GPU. Follow the guide at https://www.tensorflow.org/install/gpu for how to download and setup the required libraries for your platform.
Skipping registering GPU devices...
2025-06-11 14:02:50.715135: E external/local_xla/xla/stream_executor/cuda/cuda_dnn.cc:9261] Unable to register cuDNN factory: Attempting to register factory for plugin cuDNN when one has already been registered
2025-06-11 14:02:50.715192: E external/local_xla/xla/stream_executor/cuda/cuda_fft.cc:607] Unable to register cuFFT factory: Attempting to register factory for plugin cuFFT when one has already been registered
2025-06-11 14:02:50.716298: E external/local_xla/xla/stream_executor/cuda/cuda_blas.cc:1515] Unable to register cuBLAS factory: Attempting to register factory for plugin cuBLAS when one has already been registered
2025-06-11 14:02:50.722466: I tensorflow/core/platform/cpu_feature_guard.cc:182] This TensorFlow binary is optimized to use available CPU instructions in performance-critical operations.
To enable the following instructions: AVX2 FMA, in other operations, rebuild TensorFlow with the appropriate compiler flags.
2025-06-11 14:02:51.493289: W tensorflow/compiler/tf2tensorrt/utils/py_utils.cc:38] TF-TRT Warning: Could not find TensorRT
2025-06-11 14:02:52.584092: W tensorflow/core/common_runtime/gpu/gpu_device.cc:2256] Cannot dlopen some GPU libraries. Please make sure the missing libraries mentioned above are installed properly if you would like to use GPU. Follow the guide at https://www.tensorflow.org/install/gpu for how to download and setup the required libraries for your platform.
Skipping registering GPU devices...
2025-06-11 14:03:03.644968: E external/local_xla/xla/stream_executor/cuda/cuda_dnn.cc:9261] Unable to register cuDNN factory: Attempting to register factory for plugin cuDNN when one has already been registered
2025-06-11 14:03:03.645028: E external/local_xla/xla/stream_executor/cuda/cuda_fft.cc:607] Unable to register cuFFT factory: Attempting to register factory for plugin cuFFT when one has already been registered
2025-06-11 14:03:03.646061: E external/local_xla/xla/stream_executor/cuda/cuda_blas.cc:1515] Unable to register cuBLAS factory: Attempting to register factory for plugin cuBLAS when one has already been registered
2025-06-11 14:03:03.652283: I tensorflow/core/platform/cpu_feature_guard.cc:182] This TensorFlow binary is optimized to use available CPU instructions in performance-critical operations.
To enable the following instructions: AVX2 FMA, in other operations, rebuild TensorFlow with the appropriate compiler flags.
2025-06-11 14:03:04.458545: W tensorflow/compiler/tf2tensorrt/utils/py_utils.cc:38] TF-TRT Warning: Could not find TensorRT
2025-06-11 14:03:05.533396: W tensorflow/core/common_runtime/gpu/gpu_device.cc:2256] Cannot dlopen some GPU libraries. Please make sure the missing libraries mentioned above are installed properly if you would like to use GPU. Follow the guide at https://www.tensorflow.org/install/gpu for how to download and setup the required libraries for your platform.
Skipping registering GPU devices...
Training DiffusiveCoT with Preprocessed Embeddings:   3%| | 8/240 [04:37<1:55:17, 29.82s/2025-06-11 14:07:02.795219: E external/local_xla/xla/stream_executor/cuda/cuda_dnn.cc:9261] Unable to register cuDNN factory: Attempting to register factory for plugin cuDNN when one has already been registered
2025-06-11 14:07:02.795279: E external/local_xla/xla/stream_executor/cuda/cuda_fft.cc:607] Unable to register cuFFT factory: Attempting to register factory for plugin cuFFT when one has already been registered
2025-06-11 14:07:02.796256: E external/local_xla/xla/stream_executor/cuda/cuda_blas.cc:1515] Unable to register cuBLAS factory: Attempting to register factory for plugin cuBLAS when one has already been registered
2025-06-11 14:07:02.802186: I tensorflow/core/platform/cpu_feature_guard.cc:182] This TensorFlow binary is optimized to use available CPU instructions in performance-critical operations.
To enable the following instructions: AVX2 FMA, in other operations, rebuild TensorFlow with the appropriate compiler flags.
2025-06-11 14:07:03.516402: W tensorflow/compiler/tf2tensorrt/utils/py_utils.cc:38] TF-TRT Warning: Could not find TensorRT
2025-06-11 14:07:04.470900: W tensorflow/core/common_runtime/gpu/gpu_device.cc:2256] Cannot dlopen some GPU libraries. Please make sure the missing libraries mentioned above are installed properly if you would like to use GPU. Follow the guide at https://www.tensorflow.org/install/gpu for how to download and setup the required libraries for your platform.
Skipping registering GPU devices...
2025-06-11 14:07:16.143111: E external/local_xla/xla/stream_executor/cuda/cuda_dnn.cc:9261] Unable to register cuDNN factory: Attempting to register factory for plugin cuDNN when one has already been registered
2025-06-11 14:07:16.143172: E external/local_xla/xla/stream_executor/cuda/cuda_fft.cc:607] Unable to register cuFFT factory: Attempting to register factory for plugin cuFFT when one has already been registered
2025-06-11 14:07:16.144550: E external/local_xla/xla/stream_executor/cuda/cuda_blas.cc:1515] Unable to register cuBLAS factory: Attempting to register factory for plugin cuBLAS when one has already been registered
2025-06-11 14:07:16.151369: I tensorflow/core/platform/cpu_feature_guard.cc:182] This TensorFlow binary is optimized to use available CPU instructions in performance-critical operations.
To enable the following instructions: AVX2 FMA, in other operations, rebuild TensorFlow with the appropriate compiler flags.
2025-06-11 14:07:17.025396: W tensorflow/compiler/tf2tensorrt/utils/py_utils.cc:38] TF-TRT Warning: Could not find TensorRT
2025-06-11 14:07:18.286339: W tensorflow/core/common_runtime/gpu/gpu_device.cc:2256] Cannot dlopen some GPU libraries. Please make sure the missing libraries mentioned above are installed properly if you would like to use GPU. Follow the guide at https://www.tensorflow.org/install/gpu for how to download and setup the required libraries for your platform.
Skipping registering GPU devices...
2025-06-11 14:07:29.100713: E external/local_xla/xla/stream_executor/cuda/cuda_dnn.cc:9261] Unable to register cuDNN factory: Attempting to register factory for plugin cuDNN when one has already been registered
2025-06-11 14:07:29.100763: E external/local_xla/xla/stream_executor/cuda/cuda_fft.cc:607] Unable to register cuFFT factory: Attempting to register factory for plugin cuFFT when one has already been registered
2025-06-11 14:07:29.102035: E external/local_xla/xla/stream_executor/cuda/cuda_blas.cc:1515] Unable to register cuBLAS factory: Attempting to register factory for plugin cuBLAS when one has already been registered
2025-06-11 14:07:29.109108: I tensorflow/core/platform/cpu_feature_guard.cc:182] This TensorFlow binary is optimized to use available CPU instructions in performance-critical operations.
To enable the following instructions: AVX2 FMA, in other operations, rebuild TensorFlow with the appropriate compiler flags.
2025-06-11 14:07:30.066692: W tensorflow/compiler/tf2tensorrt/utils/py_utils.cc:38] TF-TRT Warning: Could not find TensorRT
2025-06-11 14:07:31.321635: W tensorflow/core/common_runtime/gpu/gpu_device.cc:2256] Cannot dlopen some GPU libraries. Please make sure the missing libraries mentioned above are installed properly if you would like to use GPU. Follow the guide at https://www.tensorflow.org/install/gpu for how to download and setup the required libraries for your platform.
Skipping registering GPU devices...
2025-06-11 14:07:42.417379: E external/local_xla/xla/stream_executor/cuda/cuda_dnn.cc:9261] Unable to register cuDNN factory: Attempting to register factory for plugin cuDNN when one has already been registered
2025-06-11 14:07:42.417432: E external/local_xla/xla/stream_executor/cuda/cuda_fft.cc:607] Unable to register cuFFT factory: Attempting to register factory for plugin cuFFT when one has already been registered
2025-06-11 14:07:42.418582: E external/local_xla/xla/stream_executor/cuda/cuda_blas.cc:1515] Unable to register cuBLAS factory: Attempting to register factory for plugin cuBLAS when one has already been registered
2025-06-11 14:07:42.425636: I tensorflow/core/platform/cpu_feature_guard.cc:182] This TensorFlow binary is optimized to use available CPU instructions in performance-critical operations.
To enable the following instructions: AVX2 FMA, in other operations, rebuild TensorFlow with the appropriate compiler flags.
2025-06-11 14:07:43.169285: W tensorflow/compiler/tf2tensorrt/utils/py_utils.cc:38] TF-TRT Warning: Could not find TensorRT
2025-06-11 14:07:44.278734: W tensorflow/core/common_runtime/gpu/gpu_device.cc:2256] Cannot dlopen some GPU libraries. Please make sure the missing libraries mentioned above are installed properly if you would like to use GPU. Follow the guide at https://www.tensorflow.org/install/gpu for how to download and setup the required libraries for your platform.
Skipping registering GPU devices...
Training DiffusiveCoT with Preprocessed Embeddings:   7%| | 16/240 [09:15<1:46:34, 28.55s2025-06-11 14:11:41.324699: E external/local_xla/xla/stream_executor/cuda/cuda_dnn.cc:9261] Unable to register cuDNN factory: Attempting to register factory for plugin cuDNN when one has already been registered
2025-06-11 14:11:41.324760: E external/local_xla/xla/stream_executor/cuda/cuda_fft.cc:607] Unable to register cuFFT factory: Attempting to register factory for plugin cuFFT when one has already been registered
2025-06-11 14:11:41.325753: E external/local_xla/xla/stream_executor/cuda/cuda_blas.cc:1515] Unable to register cuBLAS factory: Attempting to register factory for plugin cuBLAS when one has already been registered
2025-06-11 14:11:41.331796: I tensorflow/core/platform/cpu_feature_guard.cc:182] This TensorFlow binary is optimized to use available CPU instructions in performance-critical operations.
To enable the following instructions: AVX2 FMA, in other operations, rebuild TensorFlow with the appropriate compiler flags.
2025-06-11 14:11:42.009630: W tensorflow/compiler/tf2tensorrt/utils/py_utils.cc:38] TF-TRT Warning: Could not find TensorRT
2025-06-11 14:11:43.054995: W tensorflow/core/common_runtime/gpu/gpu_device.cc:2256] Cannot dlopen some GPU libraries. Please make sure the missing libraries mentioned above are installed properly if you would like to use GPU. Follow the guide at https://www.tensorflow.org/install/gpu for how to download and setup the required libraries for your platform.
Skipping registering GPU devices...
2025-06-11 14:11:54.203576: E external/local_xla/xla/stream_executor/cuda/cuda_dnn.cc:9261] Unable to register cuDNN factory: Attempting to register factory for plugin cuDNN when one has already been registered
2025-06-11 14:11:54.203642: E external/local_xla/xla/stream_executor/cuda/cuda_fft.cc:607] Unable to register cuFFT factory: Attempting to register factory for plugin cuFFT when one has already been registered
2025-06-11 14:11:54.204945: E external/local_xla/xla/stream_executor/cuda/cuda_blas.cc:1515] Unable to register cuBLAS factory: Attempting to register factory for plugin cuBLAS when one has already been registered
2025-06-11 14:11:54.211493: I tensorflow/core/platform/cpu_feature_guard.cc:182] This TensorFlow binary is optimized to use available CPU instructions in performance-critical operations.
To enable the following instructions: AVX2 FMA, in other operations, rebuild TensorFlow with the appropriate compiler flags.
2025-06-11 14:11:55.081657: W tensorflow/compiler/tf2tensorrt/utils/py_utils.cc:38] TF-TRT Warning: Could not find TensorRT
2025-06-11 14:11:56.484242: W tensorflow/core/common_runtime/gpu/gpu_device.cc:2256] Cannot dlopen some GPU libraries. Please make sure the missing libraries mentioned above are installed properly if you would like to use GPU. Follow the guide at https://www.tensorflow.org/install/gpu for how to download and setup the required libraries for your platform.
Skipping registering GPU devices...
2025-06-11 14:12:07.691609: E external/local_xla/xla/stream_executor/cuda/cuda_dnn.cc:9261] Unable to register cuDNN factory: Attempting to register factory for plugin cuDNN when one has already been registered
2025-06-11 14:12:07.691675: E external/local_xla/xla/stream_executor/cuda/cuda_fft.cc:607] Unable to register cuFFT factory: Attempting to register factory for plugin cuFFT when one has already been registered
2025-06-11 14:12:07.692864: E external/local_xla/xla/stream_executor/cuda/cuda_blas.cc:1515] Unable to register cuBLAS factory: Attempting to register factory for plugin cuBLAS when one has already been registered
2025-06-11 14:12:07.699598: I tensorflow/core/platform/cpu_feature_guard.cc:182] This TensorFlow binary is optimized to use available CPU instructions in performance-critical operations.
To enable the following instructions: AVX2 FMA, in other operations, rebuild TensorFlow with the appropriate compiler flags.
2025-06-11 14:12:08.559901: W tensorflow/compiler/tf2tensorrt/utils/py_utils.cc:38] TF-TRT Warning: Could not find TensorRT
2025-06-11 14:12:09.577598: W tensorflow/core/common_runtime/gpu/gpu_device.cc:2256] Cannot dlopen some GPU libraries. Please make sure the missing libraries mentioned above are installed properly if you would like to use GPU. Follow the guide at https://www.tensorflow.org/install/gpu for how to download and setup the required libraries for your platform.
Skipping registering GPU devices...
2025-06-11 14:12:21.367135: E external/local_xla/xla/stream_executor/cuda/cuda_dnn.cc:9261] Unable to register cuDNN factory: Attempting to register factory for plugin cuDNN when one has already been registered
2025-06-11 14:12:21.367196: E external/local_xla/xla/stream_executor/cuda/cuda_fft.cc:607] Unable to register cuFFT factory: Attempting to register factory for plugin cuFFT when one has already been registered
2025-06-11 14:12:21.368324: E external/local_xla/xla/stream_executor/cuda/cuda_blas.cc:1515] Unable to register cuBLAS factory: Attempting to register factory for plugin cuBLAS when one has already been registered
2025-06-11 14:12:21.375416: I tensorflow/core/platform/cpu_feature_guard.cc:182] This TensorFlow binary is optimized to use available CPU instructions in performance-critical operations.
To enable the following instructions: AVX2 FMA, in other operations, rebuild TensorFlow with the appropriate compiler flags.
2025-06-11 14:12:22.270093: W tensorflow/compiler/tf2tensorrt/utils/py_utils.cc:38] TF-TRT Warning: Could not find TensorRT
2025-06-11 14:12:23.424438: W tensorflow/core/common_runtime/gpu/gpu_device.cc:2256] Cannot dlopen some GPU libraries. Please make sure the missing libraries mentioned above are installed properly if you would like to use GPU. Follow the guide at https://www.tensorflow.org/install/gpu for how to download and setup the required libraries for your platform.
Skipping registering GPU devices...
Exception ignored in: <function _MultiProcessingDataLoaderIter.__del__ at 0x7f5bae5fb130>
Traceback (most recent call last):
  File "/data2/xxw_data/data/miniconda3/envs/hybridvla/lib/python3.10/site-packages/torch/utils/data/dataloader.py", line 1604, in __del__
    self._shutdown_workers()
  File "/data2/xxw_data/data/miniconda3/envs/hybridvla/lib/python3.10/site-packages/torch/utils/data/dataloader.py", line 1568, in _shutdown_workers
    w.join(timeout=_utils.MP_STATUS_CHECK_INTERVAL)
  File "/data2/xxw_data/data/miniconda3/envs/hybridvla/lib/python3.10/multiprocessing/process.py", line 149, in join
    res = self._popen.wait(timeout)
  File "/data2/xxw_data/data/miniconda3/envs/hybridvla/lib/python3.10/multiprocessing/popen_fork.py", line 40, in wait
    if not wait([self.sentinel], timeout):
  File "/data2/xxw_data/data/miniconda3/envs/hybridvla/lib/python3.10/multiprocessing/connection.py", line 931, in wait
    ready = selector.select(timeout)
  File "/data2/xxw_data/data/miniconda3/envs/hybridvla/lib/python3.10/selectors.py", line 416, in select
    fd_event_list = self._selector.poll(timeout)
KeyboardInterrupt:
Process SpawnProcess-1:
Traceback (most recent call last):
  File "/data2/xxw_data/data/miniconda3/envs/hybridvla/lib/python3.10/multiprocessing/process.py", line 317, in _bootstrap
    util._exit_function()
  File "/data2/xxw_data/data/miniconda3/envs/hybridvla/lib/python3.10/multiprocessing/util.py", line 357, in _exit_function
    p.join()
  File "/data2/xxw_data/data/miniconda3/envs/hybridvla/lib/python3.10/multiprocessing/process.py", line 149, in join
    res = self._popen.wait(timeout)
  File "/data2/xxw_data/data/miniconda3/envs/hybridvla/lib/python3.10/multiprocessing/popen_fork.py", line 43, in wait
    return self.poll(os.WNOHANG if timeout == 0.0 else 0)
  File "/data2/xxw_data/data/miniconda3/envs/hybridvla/lib/python3.10/multiprocessing/popen_fork.py", line 27, in poll
    pid, sts = os.waitpid(self.pid, flag)
KeyboardInterrupt
During handling of the above exception, another exception occurred:
Traceback (most recent call last):
  File "/data2/xxw_data/data/miniconda3/envs/hybridvla/lib/python3.10/linecache.py", line 136, in updatecache
    with tokenize.open(fullname) as fp:
  File "/data2/xxw_data/data/miniconda3/envs/hybridvla/lib/python3.10/tokenize.py", line 394, in open
    buffer = _builtin_open(filename, 'rb')
KeyboardInterrupt
During handling of the above exception, another exception occurred:
Traceback (most recent call last):
  File "<string>", line 1, in <module>
  File "/data2/xxw_data/data/miniconda3/envs/hybridvla/lib/python3.10/multiprocessing/spawn.py", line 116, in spawn_main
    exitcode = _main(fd, parent_sentinel)
  File "/data2/xxw_data/data/miniconda3/envs/hybridvla/lib/python3.10/multiprocessing/spawn.py", line 129, in _main
    return self._bootstrap(parent_sentinel)
  File "/data2/xxw_data/data/miniconda3/envs/hybridvla/lib/python3.10/multiprocessing/process.py", line 330, in _bootstrap
    traceback.print_exc()
  File "/data2/xxw_data/data/miniconda3/envs/hybridvla/lib/python3.10/traceback.py", line 179, in print_exc
    print_exception(*sys.exc_info(), limit=limit, file=file, chain=chain)
  File "/data2/xxw_data/data/miniconda3/envs/hybridvla/lib/python3.10/traceback.py", line 119, in print_exception
    te = TracebackException(type(value), value, tb, limit=limit, compact=True)
  File "/data2/xxw_data/data/miniconda3/envs/hybridvla/lib/python3.10/traceback.py", line 502, in __init__
    self.stack = StackSummary.extract(
  File "/data2/xxw_data/data/miniconda3/envs/hybridvla/lib/python3.10/traceback.py", line 383, in extract
    f.line
  File "/data2/xxw_data/data/miniconda3/envs/hybridvla/lib/python3.10/traceback.py", line 306, in line
    self._line = linecache.getline(self.filename, self.lineno)
  File "/data2/xxw_data/data/miniconda3/envs/hybridvla/lib/python3.10/linecache.py", line 30, in getline
    lines = getlines(filename, module_globals)
  File "/data2/xxw_data/data/miniconda3/envs/hybridvla/lib/python3.10/linecache.py", line 46, in getlines
    return updatecache(filename, module_globals)
  File "/data2/xxw_data/data/miniconda3/envs/hybridvla/lib/python3.10/linecache.py", line 136, in updatecache
    with tokenize.open(fullname) as fp:
KeyboardInterrupt
[rank0]: Traceback (most recent call last):
[rank0]:   File "/data2/xxw_data/data/miniconda3/envs/hybridvla/lib/python3.10/multiprocessing/process.py", line 317, in _bootstrap
[rank0]:     util._exit_function()
[rank0]:   File "/data2/xxw_data/data/miniconda3/envs/hybridvla/lib/python3.10/multiprocessing/util.py", line 357, in _exit_function
[rank0]:     p.join()
[rank0]:   File "/data2/xxw_data/data/miniconda3/envs/hybridvla/lib/python3.10/multiprocessing/process.py", line 149, in join
[rank0]:     res = self._popen.wait(timeout)
[rank0]:   File "/data2/xxw_data/data/miniconda3/envs/hybridvla/lib/python3.10/multiprocessing/popen_fork.py", line 43, in wait
[rank0]:     return self.poll(os.WNOHANG if timeout == 0.0 else 0)
[rank0]:   File "/data2/xxw_data/data/miniconda3/envs/hybridvla/lib/python3.10/multiprocessing/popen_fork.py", line 27, in poll
[rank0]:     pid, sts = os.waitpid(self.pid, flag)
[rank0]: KeyboardInterrupt
[rank0]: During handling of the above exception, another exception occurred:
[rank0]: Traceback (most recent call last):
[rank0]:   File "/data2/xxw_data/data/miniconda3/envs/hybridvla/lib/python3.10/linecache.py", line 136, in updatecache
[rank0]:     with tokenize.open(fullname) as fp:
[rank0]:   File "/data2/xxw_data/data/miniconda3/envs/hybridvla/lib/python3.10/tokenize.py", line 394, in open
[rank0]:     buffer = _builtin_open(filename, 'rb')
[rank0]: KeyboardInterrupt
[rank0]: During handling of the above exception, another exception occurred:
[rank0]: Traceback (most recent call last):
[rank0]:   File "<string>", line 1, in <module>
[rank0]:   File "/data2/xxw_data/data/miniconda3/envs/hybridvla/lib/python3.10/multiprocessing/spawn.py", line 116, in spawn_main
[rank0]:     exitcode = _main(fd, parent_sentinel)
[rank0]:   File "/data2/xxw_data/data/miniconda3/envs/hybridvla/lib/python3.10/multiprocessing/spawn.py", line 129, in _main
[rank0]:     return self._bootstrap(parent_sentinel)
[rank0]:   File "/data2/xxw_data/data/miniconda3/envs/hybridvla/lib/python3.10/multiprocessing/process.py", line 330, in _bootstrap
[rank0]:     traceback.print_exc()
[rank0]:   File "/data2/xxw_data/data/miniconda3/envs/hybridvla/lib/python3.10/traceback.py", line 179, in print_exc
[rank0]:     print_exception(*sys.exc_info(), limit=limit, file=file, chain=chain)
[rank0]:   File "/data2/xxw_data/data/miniconda3/envs/hybridvla/lib/python3.10/traceback.py", line 119, in print_exception
[rank0]:     te = TracebackException(type(value), value, tb, limit=limit, compact=True)
[rank0]:   File "/data2/xxw_data/data/miniconda3/envs/hybridvla/lib/python3.10/traceback.py", line 502, in __init__
[rank0]:     self.stack = StackSummary.extract(
[rank0]:   File "/data2/xxw_data/data/miniconda3/envs/hybridvla/lib/python3.10/traceback.py", line 383, in extract
[rank0]:     f.line
[rank0]:   File "/data2/xxw_data/data/miniconda3/envs/hybridvla/lib/python3.10/traceback.py", line 306, in line
[rank0]:     self._line = linecache.getline(self.filename, self.lineno)
[rank0]:   File "/data2/xxw_data/data/miniconda3/envs/hybridvla/lib/python3.10/linecache.py", line 30, in getline
[rank0]:     lines = getlines(filename, module_globals)
[rank0]:   File "/data2/xxw_data/data/miniconda3/envs/hybridvla/lib/python3.10/linecache.py", line 46, in getlines
[rank0]:     return updatecache(filename, module_globals)
[rank0]:   File "/data2/xxw_data/data/miniconda3/envs/hybridvla/lib/python3.10/linecache.py", line 136, in updatecache
[rank0]:     with tokenize.open(fullname) as fp:
[rank0]: KeyboardInterrupt