06/11 [14:02:20] [34mINFO    [39m | >> [1m[[22m*[1m][22m      ]8;id=861432;file:///data2/xxw_data/projects/LLM/Diffusive-Latent-CoT/training/strategies/train_coconut_with_preprocessed_embeddings.py\train_coconut_with_preprocessed_embeddings.py]8;;\:]8;id=316086;file:///data2/xxw_data/projects/LLM/Diffusive-Latent-CoT/training/strategies/train_coconut_with_preprocessed_embeddings.py#236\236]8;;\
                          Starting
                          Epoch [1m1[22m/[1m30
train_idx is: 0
Step 1/240, Epoch 1/30 (LogEpoch: 0), Loss: 468.0726, LR: 0.000100
global_step is: 1; target_steps is: 240
train_idx is: 1
Step 2/240, Epoch 1/30 (LogEpoch: 0), Loss: 442.8799, LR: 0.000100
global_step is: 2; target_steps is: 240
train_idx is: 2
Step 3/240, Epoch 1/30 (LogEpoch: 0), Loss: 449.2004, LR: 0.000100
global_step is: 3; target_steps is: 240
train_idx is: 3
Step 4/240, Epoch 1/30 (LogEpoch: 0), Loss: 410.9514, LR: 0.000100
global_step is: 4; target_steps is: 240
train_idx is: 4
Step 5/240, Epoch 1/30 (LogEpoch: 0), Loss: 547.5030, LR: 0.000100
global_step is: 5; target_steps is: 240
train_idx is: 5
Step 6/240, Epoch 1/30 (LogEpoch: 0), Loss: 484.2673, LR: 0.000100
global_step is: 6; target_steps is: 240
train_idx is: 6
Step 7/240, Epoch 1/30 (LogEpoch: 0), Loss: 509.4354, LR: 0.000100
global_step is: 7; target_steps is: 240
train_idx is: 7
Step 8/240, Epoch 1/30 (LogEpoch: 1), Loss: 443.7560, LR: 0.000100
global_step is: 8; target_steps is: 240
06/11 [14:06:59] [34mINFO    [39m | >> [1m[[22m*[1m][22m DEBUG: End of epoch_idx ]8;id=81581;file:///data2/xxw_data/projects/LLM/Diffusive-Latent-CoT/training/strategies/train_coconut_with_preprocessed_embeddings.py\train_coconut_with_preprocessed_embeddings.py]8;;\:]8;id=729842;file:///data2/xxw_data/projects/LLM/Diffusive-Latent-CoT/training/strategies/train_coconut_with_preprocessed_embeddings.py#344\344]8;;\
                          [1m0[22m. Current global_step = [1m8[22m,
                          target_steps = [1m240
                 [34mINFO    [39m | >> [1m[[22m*[1m][22m Starting Epoch [1m2[22m/[1m30[22m     ]8;id=723592;file:///data2/xxw_data/projects/LLM/Diffusive-Latent-CoT/training/strategies/train_coconut_with_preprocessed_embeddings.py\train_coconut_with_preprocessed_embeddings.py]8;;\:]8;id=639511;file:///data2/xxw_data/projects/LLM/Diffusive-Latent-CoT/training/strategies/train_coconut_with_preprocessed_embeddings.py#236\236]8;;\
train_idx is: 0
Step 9/240, Epoch 2/30 (LogEpoch: 1), Loss: 384.5501, LR: 0.000100
global_step is: 9; target_steps is: 240
train_idx is: 1
Step 10/240, Epoch 2/30 (LogEpoch: 1), Loss: 369.5605, LR: 0.000100
global_step is: 10; target_steps is: 240
train_idx is: 2
Step 11/240, Epoch 2/30 (LogEpoch: 1), Loss: 398.8332, LR: 0.000100
global_step is: 11; target_steps is: 240
train_idx is: 3
Step 12/240, Epoch 2/30 (LogEpoch: 1), Loss: 347.3281, LR: 0.000100
global_step is: 12; target_steps is: 240
train_idx is: 4
Step 13/240, Epoch 2/30 (LogEpoch: 1), Loss: 361.1078, LR: 0.000100
global_step is: 13; target_steps is: 240
train_idx is: 5
Step 14/240, Epoch 2/30 (LogEpoch: 1), Loss: 344.1840, LR: 0.000100
global_step is: 14; target_steps is: 240
train_idx is: 6
Step 15/240, Epoch 2/30 (LogEpoch: 1), Loss: 367.7465, LR: 0.000100
global_step is: 15; target_steps is: 240
train_idx is: 7
Step 16/240, Epoch 2/30 (LogEpoch: 2), Loss: 719.7949, LR: 0.000100
global_step is: 16; target_steps is: 240
06/11 [14:11:37] [34mINFO    [39m | ]8;id=804002;file:///data2/xxw_data/projects/LLM/Diffusive-Latent-CoT/training/strategies/train_coconut_with_preprocessed_embeddings.py\train_coconut_wâ€¦]8;;\
                          >
                          >
                          [1m[
                          *
                          [1m]
                          D
                          E
                          B
                          U
                          G
                          :
                          E
                          n
                          d
                          o
                          f
                          e
                          p
                          o
                          c
                          h
                          _
                          i
                          d
                          x
                          [1m1
                          .
                          C
                          u
                          r
                          r
                          e
                          n
                          t
                          g
                          l
                          o
                          b
                          a
                          l
                          _
                          s
                          t
                          e
                          p
                          =
                          [1m1
                          [1m6
                          ,
                          t
                          a
                          r
                          g
                          e
                          t
                          _
                          s
                          t
                          e
                          p
                          s
                          =
                          [1m2
                          [1m4
                          [1m0
                 [34mINFO    [39m | ]8;id=443962;file:///data2/xxw_data/projects/LLM/Diffusive-Latent-CoT/training/strategies/train_coconut_with_preprocessed_embeddings.py\train_coconut_wâ€¦]8;;\
                          >
                          >
                          [1m[
                          *
                          [1m]
                          S
                          t
                          a
                          r
                          t
                          i
                          n
                          g
                          E
                          p
                          o
                          c
                          h
                          [1m3
                          /
                          [1m3
                          [1m0
train_idx is: 0
Training DiffusiveCoT with Preprocessed Embeddings:   0%|        | 0/240 [00:00<?, ?it/s]2025-06-11 14:02:25.498896: E external/local_xla/xla/stream_executor/cuda/cuda_dnn.cc:9261] Unable to register cuDNN factory: Attempting to register factory for plugin cuDNN when one has already been registered
2025-06-11 14:02:25.498962: E external/local_xla/xla/stream_executor/cuda/cuda_fft.cc:607] Unable to register cuFFT factory: Attempting to register factory for plugin cuFFT when one has already been registered
2025-06-11 14:02:25.500127: E external/local_xla/xla/stream_executor/cuda/cuda_blas.cc:1515] Unable to register cuBLAS factory: Attempting to register factory for plugin cuBLAS when one has already been registered
2025-06-11 14:02:25.506750: I tensorflow/core/platform/cpu_feature_guard.cc:182] This TensorFlow binary is optimized to use available CPU instructions in performance-critical operations.
To enable the following instructions: AVX2 FMA, in other operations, rebuild TensorFlow with the appropriate compiler flags.
2025-06-11 14:02:26.358146: W tensorflow/compiler/tf2tensorrt/utils/py_utils.cc:38] TF-TRT Warning: Could not find TensorRT
2025-06-11 14:02:27.480980: W tensorflow/core/common_runtime/gpu/gpu_device.cc:2256] Cannot dlopen some GPU libraries. Please make sure the missing libraries mentioned above are installed properly if you would like to use GPU. Follow the guide at https://www.tensorflow.org/install/gpu for how to download and setup the required libraries for your platform.
Skipping registering GPU devices...
2025-06-11 14:02:38.277913: E external/local_xla/xla/stream_executor/cuda/cuda_dnn.cc:9261] Unable to register cuDNN factory: Attempting to register factory for plugin cuDNN when one has already been registered
2025-06-11 14:02:38.277973: E external/local_xla/xla/stream_executor/cuda/cuda_fft.cc:607] Unable to register cuFFT factory: Attempting to register factory for plugin cuFFT when one has already been registered
2025-06-11 14:02:38.279141: E external/local_xla/xla/stream_executor/cuda/cuda_blas.cc:1515] Unable to register cuBLAS factory: Attempting to register factory for plugin cuBLAS when one has already been registered
2025-06-11 14:02:38.285844: I tensorflow/core/platform/cpu_feature_guard.cc:182] This TensorFlow binary is optimized to use available CPU instructions in performance-critical operations.
To enable the following instructions: AVX2 FMA, in other operations, rebuild TensorFlow with the appropriate compiler flags.
2025-06-11 14:02:39.191152: W tensorflow/compiler/tf2tensorrt/utils/py_utils.cc:38] TF-TRT Warning: Could not find TensorRT
2025-06-11 14:02:40.558635: W tensorflow/core/common_runtime/gpu/gpu_device.cc:2256] Cannot dlopen some GPU libraries. Please make sure the missing libraries mentioned above are installed properly if you would like to use GPU. Follow the guide at https://www.tensorflow.org/install/gpu for how to download and setup the required libraries for your platform.
Skipping registering GPU devices...
2025-06-11 14:02:50.997718: E external/local_xla/xla/stream_executor/cuda/cuda_dnn.cc:9261] Unable to register cuDNN factory: Attempting to register factory for plugin cuDNN when one has already been registered
2025-06-11 14:02:50.997767: E external/local_xla/xla/stream_executor/cuda/cuda_fft.cc:607] Unable to register cuFFT factory: Attempting to register factory for plugin cuFFT when one has already been registered
2025-06-11 14:02:50.998786: E external/local_xla/xla/stream_executor/cuda/cuda_blas.cc:1515] Unable to register cuBLAS factory: Attempting to register factory for plugin cuBLAS when one has already been registered
2025-06-11 14:02:51.004815: I tensorflow/core/platform/cpu_feature_guard.cc:182] This TensorFlow binary is optimized to use available CPU instructions in performance-critical operations.
To enable the following instructions: AVX2 FMA, in other operations, rebuild TensorFlow with the appropriate compiler flags.
2025-06-11 14:02:51.733427: W tensorflow/compiler/tf2tensorrt/utils/py_utils.cc:38] TF-TRT Warning: Could not find TensorRT
2025-06-11 14:02:52.688427: W tensorflow/core/common_runtime/gpu/gpu_device.cc:2256] Cannot dlopen some GPU libraries. Please make sure the missing libraries mentioned above are installed properly if you would like to use GPU. Follow the guide at https://www.tensorflow.org/install/gpu for how to download and setup the required libraries for your platform.
Skipping registering GPU devices...
2025-06-11 14:03:03.730944: E external/local_xla/xla/stream_executor/cuda/cuda_dnn.cc:9261] Unable to register cuDNN factory: Attempting to register factory for plugin cuDNN when one has already been registered
2025-06-11 14:03:03.731002: E external/local_xla/xla/stream_executor/cuda/cuda_fft.cc:607] Unable to register cuFFT factory: Attempting to register factory for plugin cuFFT when one has already been registered
2025-06-11 14:03:03.732128: E external/local_xla/xla/stream_executor/cuda/cuda_blas.cc:1515] Unable to register cuBLAS factory: Attempting to register factory for plugin cuBLAS when one has already been registered
2025-06-11 14:03:03.738679: I tensorflow/core/platform/cpu_feature_guard.cc:182] This TensorFlow binary is optimized to use available CPU instructions in performance-critical operations.
To enable the following instructions: AVX2 FMA, in other operations, rebuild TensorFlow with the appropriate compiler flags.
2025-06-11 14:03:04.675307: W tensorflow/compiler/tf2tensorrt/utils/py_utils.cc:38] TF-TRT Warning: Could not find TensorRT
2025-06-11 14:03:05.854738: W tensorflow/core/common_runtime/gpu/gpu_device.cc:2256] Cannot dlopen some GPU libraries. Please make sure the missing libraries mentioned above are installed properly if you would like to use GPU. Follow the guide at https://www.tensorflow.org/install/gpu for how to download and setup the required libraries for your platform.
Skipping registering GPU devices...
Training DiffusiveCoT with Preprocessed Embeddings:   3%| | 8/240 [04:37<1:55:17, 29.82s/2025-06-11 14:07:02.923497: E external/local_xla/xla/stream_executor/cuda/cuda_dnn.cc:9261] Unable to register cuDNN factory: Attempting to register factory for plugin cuDNN when one has already been registered
2025-06-11 14:07:02.923564: E external/local_xla/xla/stream_executor/cuda/cuda_fft.cc:607] Unable to register cuFFT factory: Attempting to register factory for plugin cuFFT when one has already been registered
2025-06-11 14:07:02.924639: E external/local_xla/xla/stream_executor/cuda/cuda_blas.cc:1515] Unable to register cuBLAS factory: Attempting to register factory for plugin cuBLAS when one has already been registered
2025-06-11 14:07:02.930840: I tensorflow/core/platform/cpu_feature_guard.cc:182] This TensorFlow binary is optimized to use available CPU instructions in performance-critical operations.
To enable the following instructions: AVX2 FMA, in other operations, rebuild TensorFlow with the appropriate compiler flags.
2025-06-11 14:07:03.689020: W tensorflow/compiler/tf2tensorrt/utils/py_utils.cc:38] TF-TRT Warning: Could not find TensorRT
2025-06-11 14:07:04.615284: W tensorflow/core/common_runtime/gpu/gpu_device.cc:2256] Cannot dlopen some GPU libraries. Please make sure the missing libraries mentioned above are installed properly if you would like to use GPU. Follow the guide at https://www.tensorflow.org/install/gpu for how to download and setup the required libraries for your platform.
Skipping registering GPU devices...
2025-06-11 14:07:15.615301: E external/local_xla/xla/stream_executor/cuda/cuda_dnn.cc:9261] Unable to register cuDNN factory: Attempting to register factory for plugin cuDNN when one has already been registered
2025-06-11 14:07:15.615349: E external/local_xla/xla/stream_executor/cuda/cuda_fft.cc:607] Unable to register cuFFT factory: Attempting to register factory for plugin cuFFT when one has already been registered
2025-06-11 14:07:15.616493: E external/local_xla/xla/stream_executor/cuda/cuda_blas.cc:1515] Unable to register cuBLAS factory: Attempting to register factory for plugin cuBLAS when one has already been registered
2025-06-11 14:07:15.623063: I tensorflow/core/platform/cpu_feature_guard.cc:182] This TensorFlow binary is optimized to use available CPU instructions in performance-critical operations.
To enable the following instructions: AVX2 FMA, in other operations, rebuild TensorFlow with the appropriate compiler flags.
2025-06-11 14:07:16.397509: W tensorflow/compiler/tf2tensorrt/utils/py_utils.cc:38] TF-TRT Warning: Could not find TensorRT
2025-06-11 14:07:17.739709: W tensorflow/core/common_runtime/gpu/gpu_device.cc:2256] Cannot dlopen some GPU libraries. Please make sure the missing libraries mentioned above are installed properly if you would like to use GPU. Follow the guide at https://www.tensorflow.org/install/gpu for how to download and setup the required libraries for your platform.
Skipping registering GPU devices...
2025-06-11 14:07:28.530934: E external/local_xla/xla/stream_executor/cuda/cuda_dnn.cc:9261] Unable to register cuDNN factory: Attempting to register factory for plugin cuDNN when one has already been registered
2025-06-11 14:07:28.530995: E external/local_xla/xla/stream_executor/cuda/cuda_fft.cc:607] Unable to register cuFFT factory: Attempting to register factory for plugin cuFFT when one has already been registered
2025-06-11 14:07:28.532102: E external/local_xla/xla/stream_executor/cuda/cuda_blas.cc:1515] Unable to register cuBLAS factory: Attempting to register factory for plugin cuBLAS when one has already been registered
2025-06-11 14:07:28.539055: I tensorflow/core/platform/cpu_feature_guard.cc:182] This TensorFlow binary is optimized to use available CPU instructions in performance-critical operations.
To enable the following instructions: AVX2 FMA, in other operations, rebuild TensorFlow with the appropriate compiler flags.
2025-06-11 14:07:29.470661: W tensorflow/compiler/tf2tensorrt/utils/py_utils.cc:38] TF-TRT Warning: Could not find TensorRT
2025-06-11 14:07:30.703641: W tensorflow/core/common_runtime/gpu/gpu_device.cc:2256] Cannot dlopen some GPU libraries. Please make sure the missing libraries mentioned above are installed properly if you would like to use GPU. Follow the guide at https://www.tensorflow.org/install/gpu for how to download and setup the required libraries for your platform.
Skipping registering GPU devices...
2025-06-11 14:07:42.046043: E external/local_xla/xla/stream_executor/cuda/cuda_dnn.cc:9261] Unable to register cuDNN factory: Attempting to register factory for plugin cuDNN when one has already been registered
2025-06-11 14:07:42.046101: E external/local_xla/xla/stream_executor/cuda/cuda_fft.cc:607] Unable to register cuFFT factory: Attempting to register factory for plugin cuFFT when one has already been registered
2025-06-11 14:07:42.047251: E external/local_xla/xla/stream_executor/cuda/cuda_blas.cc:1515] Unable to register cuBLAS factory: Attempting to register factory for plugin cuBLAS when one has already been registered
2025-06-11 14:07:42.053818: I tensorflow/core/platform/cpu_feature_guard.cc:182] This TensorFlow binary is optimized to use available CPU instructions in performance-critical operations.
To enable the following instructions: AVX2 FMA, in other operations, rebuild TensorFlow with the appropriate compiler flags.
2025-06-11 14:07:42.869636: W tensorflow/compiler/tf2tensorrt/utils/py_utils.cc:38] TF-TRT Warning: Could not find TensorRT
2025-06-11 14:07:44.274678: W tensorflow/core/common_runtime/gpu/gpu_device.cc:2256] Cannot dlopen some GPU libraries. Please make sure the missing libraries mentioned above are installed properly if you would like to use GPU. Follow the guide at https://www.tensorflow.org/install/gpu for how to download and setup the required libraries for your platform.
Skipping registering GPU devices...
Training DiffusiveCoT with Preprocessed Embeddings:   7%| | 16/240 [09:15<1:46:34, 28.55s2025-06-11 14:11:41.443567: E external/local_xla/xla/stream_executor/cuda/cuda_dnn.cc:9261] Unable to register cuDNN factory: Attempting to register factory for plugin cuDNN when one has already been registered
2025-06-11 14:11:41.443629: E external/local_xla/xla/stream_executor/cuda/cuda_fft.cc:607] Unable to register cuFFT factory: Attempting to register factory for plugin cuFFT when one has already been registered
2025-06-11 14:11:41.444723: E external/local_xla/xla/stream_executor/cuda/cuda_blas.cc:1515] Unable to register cuBLAS factory: Attempting to register factory for plugin cuBLAS when one has already been registered
2025-06-11 14:11:41.450924: I tensorflow/core/platform/cpu_feature_guard.cc:182] This TensorFlow binary is optimized to use available CPU instructions in performance-critical operations.
To enable the following instructions: AVX2 FMA, in other operations, rebuild TensorFlow with the appropriate compiler flags.
2025-06-11 14:11:42.195120: W tensorflow/compiler/tf2tensorrt/utils/py_utils.cc:38] TF-TRT Warning: Could not find TensorRT
2025-06-11 14:11:43.483694: W tensorflow/core/common_runtime/gpu/gpu_device.cc:2256] Cannot dlopen some GPU libraries. Please make sure the missing libraries mentioned above are installed properly if you would like to use GPU. Follow the guide at https://www.tensorflow.org/install/gpu for how to download and setup the required libraries for your platform.
Skipping registering GPU devices...
2025-06-11 14:11:54.236090: E external/local_xla/xla/stream_executor/cuda/cuda_dnn.cc:9261] Unable to register cuDNN factory: Attempting to register factory for plugin cuDNN when one has already been registered
2025-06-11 14:11:54.236150: E external/local_xla/xla/stream_executor/cuda/cuda_fft.cc:607] Unable to register cuFFT factory: Attempting to register factory for plugin cuFFT when one has already been registered
2025-06-11 14:11:54.237349: E external/local_xla/xla/stream_executor/cuda/cuda_blas.cc:1515] Unable to register cuBLAS factory: Attempting to register factory for plugin cuBLAS when one has already been registered
2025-06-11 14:11:54.244471: I tensorflow/core/platform/cpu_feature_guard.cc:182] This TensorFlow binary is optimized to use available CPU instructions in performance-critical operations.
To enable the following instructions: AVX2 FMA, in other operations, rebuild TensorFlow with the appropriate compiler flags.
2025-06-11 14:11:55.155449: W tensorflow/compiler/tf2tensorrt/utils/py_utils.cc:38] TF-TRT Warning: Could not find TensorRT
2025-06-11 14:11:56.559487: W tensorflow/core/common_runtime/gpu/gpu_device.cc:2256] Cannot dlopen some GPU libraries. Please make sure the missing libraries mentioned above are installed properly if you would like to use GPU. Follow the guide at https://www.tensorflow.org/install/gpu for how to download and setup the required libraries for your platform.
Skipping registering GPU devices...
2025-06-11 14:12:08.782926: E external/local_xla/xla/stream_executor/cuda/cuda_dnn.cc:9261] Unable to register cuDNN factory: Attempting to register factory for plugin cuDNN when one has already been registered
2025-06-11 14:12:08.782977: E external/local_xla/xla/stream_executor/cuda/cuda_fft.cc:607] Unable to register cuFFT factory: Attempting to register factory for plugin cuFFT when one has already been registered
2025-06-11 14:12:08.784145: E external/local_xla/xla/stream_executor/cuda/cuda_blas.cc:1515] Unable to register cuBLAS factory: Attempting to register factory for plugin cuBLAS when one has already been registered
2025-06-11 14:12:08.790746: I tensorflow/core/platform/cpu_feature_guard.cc:182] This TensorFlow binary is optimized to use available CPU instructions in performance-critical operations.
To enable the following instructions: AVX2 FMA, in other operations, rebuild TensorFlow with the appropriate compiler flags.
2025-06-11 14:12:09.716093: W tensorflow/compiler/tf2tensorrt/utils/py_utils.cc:38] TF-TRT Warning: Could not find TensorRT
2025-06-11 14:12:10.941438: W tensorflow/core/common_runtime/gpu/gpu_device.cc:2256] Cannot dlopen some GPU libraries. Please make sure the missing libraries mentioned above are installed properly if you would like to use GPU. Follow the guide at https://www.tensorflow.org/install/gpu for how to download and setup the required libraries for your platform.
Skipping registering GPU devices...
2025-06-11 14:12:22.585585: E external/local_xla/xla/stream_executor/cuda/cuda_dnn.cc:9261] Unable to register cuDNN factory: Attempting to register factory for plugin cuDNN when one has already been registered
2025-06-11 14:12:22.585643: E external/local_xla/xla/stream_executor/cuda/cuda_fft.cc:607] Unable to register cuFFT factory: Attempting to register factory for plugin cuFFT when one has already been registered
2025-06-11 14:12:22.586744: E external/local_xla/xla/stream_executor/cuda/cuda_blas.cc:1515] Unable to register cuBLAS factory: Attempting to register factory for plugin cuBLAS when one has already been registered
2025-06-11 14:12:22.593198: I tensorflow/core/platform/cpu_feature_guard.cc:182] This TensorFlow binary is optimized to use available CPU instructions in performance-critical operations.
To enable the following instructions: AVX2 FMA, in other operations, rebuild TensorFlow with the appropriate compiler flags.
2025-06-11 14:12:23.485164: W tensorflow/compiler/tf2tensorrt/utils/py_utils.cc:38] TF-TRT Warning: Could not find TensorRT
2025-06-11 14:12:24.634141: W tensorflow/core/common_runtime/gpu/gpu_device.cc:2256] Cannot dlopen some GPU libraries. Please make sure the missing libraries mentioned above are installed properly if you would like to use GPU. Follow the guide at https://www.tensorflow.org/install/gpu for how to download and setup the required libraries for your platform.
Skipping registering GPU devices...
Exception ignored in: <function _MultiProcessingDataLoaderIter.__del__ at 0x7fd596ac7130>
Traceback (most recent call last):
  File "/data2/xxw_data/data/miniconda3/envs/hybridvla/lib/python3.10/site-packages/torch/utils/data/dataloader.py", line 1604, in __del__
    self._shutdown_workers()
  File "/data2/xxw_data/data/miniconda3/envs/hybridvla/lib/python3.10/site-packages/torch/utils/data/dataloader.py", line 1568, in _shutdown_workers
    w.join(timeout=_utils.MP_STATUS_CHECK_INTERVAL)
  File "/data2/xxw_data/data/miniconda3/envs/hybridvla/lib/python3.10/multiprocessing/process.py", line 149, in join
    res = self._popen.wait(timeout)
  File "/data2/xxw_data/data/miniconda3/envs/hybridvla/lib/python3.10/multiprocessing/popen_fork.py", line 40, in wait
    if not wait([self.sentinel], timeout):
  File "/data2/xxw_data/data/miniconda3/envs/hybridvla/lib/python3.10/multiprocessing/connection.py", line 931, in wait
    ready = selector.select(timeout)
  File "/data2/xxw_data/data/miniconda3/envs/hybridvla/lib/python3.10/selectors.py", line 416, in select
    fd_event_list = self._selector.poll(timeout)
KeyboardInterrupt:
Process SpawnProcess-2:
Error in sys.excepthook:
Traceback (most recent call last):
  File "/data2/xxw_data/data/miniconda3/envs/hybridvla/lib/python3.10/linecache.py", line 72, in checkcache
    stat = os.stat(fullname)
KeyboardInterrupt
Original exception was:
Traceback (most recent call last):
  File "/data2/xxw_data/data/miniconda3/envs/hybridvla/lib/python3.10/multiprocessing/process.py", line 317, in _bootstrap
    util._exit_function()
  File "/data2/xxw_data/data/miniconda3/envs/hybridvla/lib/python3.10/multiprocessing/util.py", line 357, in _exit_function
    p.join()
  File "/data2/xxw_data/data/miniconda3/envs/hybridvla/lib/python3.10/multiprocessing/process.py", line 149, in join
    res = self._popen.wait(timeout)
  File "/data2/xxw_data/data/miniconda3/envs/hybridvla/lib/python3.10/multiprocessing/popen_fork.py", line 43, in wait
    return self.poll(os.WNOHANG if timeout == 0.0 else 0)
  File "/data2/xxw_data/data/miniconda3/envs/hybridvla/lib/python3.10/multiprocessing/popen_fork.py", line 27, in poll
    pid, sts = os.waitpid(self.pid, flag)
KeyboardInterrupt
During handling of the above exception, another exception occurred:
Traceback (most recent call last):
  File "<string>", line 1, in <module>
  File "/data2/xxw_data/data/miniconda3/envs/hybridvla/lib/python3.10/multiprocessing/spawn.py", line 116, in spawn_main
    exitcode = _main(fd, parent_sentinel)
  File "/data2/xxw_data/data/miniconda3/envs/hybridvla/lib/python3.10/multiprocessing/spawn.py", line 129, in _main
    return self._bootstrap(parent_sentinel)
  File "/data2/xxw_data/data/miniconda3/envs/hybridvla/lib/python3.10/multiprocessing/process.py", line 330, in _bootstrap
    traceback.print_exc()
  File "/data2/xxw_data/data/miniconda3/envs/hybridvla/lib/python3.10/traceback.py", line 179, in print_exc
    print_exception(*sys.exc_info(), limit=limit, file=file, chain=chain)
  File "/data2/xxw_data/data/miniconda3/envs/hybridvla/lib/python3.10/traceback.py", line 119, in print_exception
    te = TracebackException(type(value), value, tb, limit=limit, compact=True)
  File "/data2/xxw_data/data/miniconda3/envs/hybridvla/lib/python3.10/traceback.py", line 502, in __init__
    self.stack = StackSummary.extract(
  File "/data2/xxw_data/data/miniconda3/envs/hybridvla/lib/python3.10/traceback.py", line 383, in extract
    f.line
  File "/data2/xxw_data/data/miniconda3/envs/hybridvla/lib/python3.10/traceback.py", line 306, in line
    self._line = linecache.getline(self.filename, self.lineno)
  File "/data2/xxw_data/data/miniconda3/envs/hybridvla/lib/python3.10/linecache.py", line 30, in getline
    lines = getlines(filename, module_globals)
  File "/data2/xxw_data/data/miniconda3/envs/hybridvla/lib/python3.10/linecache.py", line 46, in getlines
    return updatecache(filename, module_globals)
  File "/data2/xxw_data/data/miniconda3/envs/hybridvla/lib/python3.10/linecache.py", line 136, in updatecache
    with tokenize.open(fullname) as fp:
  File "/data2/xxw_data/data/miniconda3/envs/hybridvla/lib/python3.10/tokenize.py", line 394, in open
    buffer = _builtin_open(filename, 'rb')
KeyboardInterrupt